  ProjetFinal.cpp
E:\multimedia\gimpisep-opif\ProjetFinal\ProjetFinal.cpp(137,68): warning C4244: 'argument' : conversion de 'double' en '_Tp', perte possible de données
          with
          [
              _Tp=int
          ]
E:\multimedia\gimpisep-opif\ProjetFinal\ProjetFinal.cpp(137,40): warning C4244: 'argument' : conversion de 'double' en '_Tp', perte possible de données
          with
          [
              _Tp=int
          ]
E:\multimedia\gimpisep-opif\ProjetFinal\ProjetFinal.cpp(186,23): warning C4018: '<' : incompatibilité signed/unsigned
E:\multimedia\gimpisep-opif\ProjetFinal\ProjetFinal.cpp(201,9): warning C4551: liste d'arguments manquante dans l'appel de fonction
E:\multimedia\gimpisep-opif\ProjetFinal\ProjetFinal.cpp(223,23): warning C4018: '<' : incompatibilité signed/unsigned
E:\multimedia\gimpisep-opif\ProjetFinal\ProjetFinal.cpp(238,9): warning C4551: liste d'arguments manquante dans l'appel de fonction
ProjetFinal.obj : error LNK2019: symbole externe non résolu "void __cdecl cv::error(int,class std::basic_string<char,struct std::char_traits<char>,class std::allocator<char> > const &,char const *,char const *,int)" (?error@cv@@YAXHABV?$basic_string@DU?$char_traits@D@std@@V?$allocator@D@2@@std@@PBD1H@Z) référencé dans la fonction "public: class cv::Vec<unsigned char,3> & __thiscall cv::Mat::at<class cv::Vec<unsigned char,3> >(int,int)" (??$at@V?$Vec@E$02@cv@@@Mat@cv@@QAEAAV?$Vec@E$02@1@HH@Z)
ProjetFinal.obj : error LNK2019: symbole externe non résolu "public: __thiscall cv::Mat::Mat(void)" (??0Mat@cv@@QAE@XZ) référencé dans la fonction "public: __thiscall cv::MatExpr::operator class cv::Mat(void)const " (??BMatExpr@cv@@QBE?AVMat@1@XZ)
ProjetFinal.obj : error LNK2019: symbole externe non résolu "public: __thiscall cv::Mat::Mat(class cv::Mat const &)" (??0Mat@cv@@QAE@ABV01@@Z) référencé dans la fonction "public: static void __cdecl std::_Default_allocator_traits<class std::allocator<class cv::Mat> >::construct<class cv::Mat,class cv::Mat &>(class std::allocator<class cv::Mat> &,class cv::Mat * const,class cv::Mat &)" (??$construct@VMat@cv@@AAV12@@?$_Default_allocator_traits@V?$allocator@VMat@cv@@@std@@@std@@SAXAAV?$allocator@VMat@cv@@@1@QAVMat@cv@@AAV34@@Z)
ProjetFinal.obj : error LNK2019: symbole externe non résolu "public: __thiscall cv::Mat::~Mat(void)" (??1Mat@cv@@QAE@XZ) référencé dans la fonction "public: __thiscall cv::MatExpr::~MatExpr(void)" (??1MatExpr@cv@@QAE@XZ)
ProjetFinal.obj : error LNK2019: symbole externe non résolu "public: class cv::Mat & __thiscall cv::Mat::operator=(class cv::Mat const &)" (??4Mat@cv@@QAEAAV01@ABV01@@Z) référencé dans la fonction _main
ProjetFinal.obj : error LNK2019: symbole externe non résolu "public: static class cv::MatExpr __cdecl cv::Mat::zeros(class cv::Size_<int>,int)" (?zeros@Mat@cv@@SA?AVMatExpr@2@V?$Size_@H@2@H@Z) référencé dans la fonction "class cv::Mat __cdecl darknen(class cv::Mat)" (?darknen@@YA?AVMat@cv@@V12@@Z)
ProjetFinal.obj : error LNK2019: symbole externe non résolu "public: bool __thiscall cv::Mat::empty(void)const " (?empty@Mat@cv@@QBE_NXZ) référencé dans la fonction "class cv::Mat __cdecl cannyEdgeDetection(class cv::Mat)" (?cannyEdgeDetection@@YA?AVMat@cv@@V12@@Z)
ProjetFinal.obj : error LNK2019: symbole externe non résolu "public: __thiscall cv::Mat::Mat(class cv::Mat &&)" (??0Mat@cv@@QAE@$$QAV01@@Z) référencé dans la fonction "public: static void __cdecl std::_Default_allocator_traits<class std::allocator<class cv::Mat> >::construct<class cv::Mat,class cv::Mat>(class std::allocator<class cv::Mat> &,class cv::Mat * const,class cv::Mat &&)" (??$construct@VMat@cv@@V12@@?$_Default_allocator_traits@V?$allocator@VMat@cv@@@std@@@std@@SAXAAV?$allocator@VMat@cv@@@1@QAVMat@cv@@$$QAV34@@Z)
ProjetFinal.obj : error LNK2019: symbole externe non résolu "public: class cv::Mat & __thiscall cv::Mat::operator=(class cv::Mat &&)" (??4Mat@cv@@QAEAAV01@$$QAV01@@Z) référencé dans la fonction _main
ProjetFinal.obj : error LNK2019: symbole externe non résolu "void __cdecl cv::split(class cv::debug_build_guard::_InputArray const &,class cv::debug_build_guard::_OutputArray const &)" (?split@cv@@YAXABV_InputArray@debug_build_guard@1@ABV_OutputArray@31@@Z) référencé dans la fonction "class cv::Mat __cdecl cannyEdgeDetection(class cv::Mat)" (?cannyEdgeDetection@@YA?AVMat@cv@@V12@@Z)
ProjetFinal.obj : error LNK2019: symbole externe non résolu "void __cdecl cv::glob(class std::basic_string<char,struct std::char_traits<char>,class std::allocator<char> >,class std::vector<class std::basic_string<char,struct std::char_traits<char>,class std::allocator<char> >,class std::allocator<class std::basic_string<char,struct std::char_traits<char>,class std::allocator<char> > > > &,bool)" (?glob@cv@@YAXV?$basic_string@DU?$char_traits@D@std@@V?$allocator@D@2@@std@@AAV?$vector@V?$basic_string@DU?$char_traits@D@std@@V?$allocator@D@2@@std@@V?$allocator@V?$basic_string@DU?$char_traits@D@std@@V?$allocator@D@2@@std@@@2@@3@_N@Z) référencé dans la fonction "class cv::Mat __cdecl panoramaDirectory(void)" (?panoramaDirectory@@YA?AVMat@cv@@XZ)
ProjetFinal.obj : error LNK2019: symbole externe non résolu "class cv::Mat __cdecl cv::imread(class std::basic_string<char,struct std::char_traits<char>,class std::allocator<char> > const &,int)" (?imread@cv@@YA?AVMat@1@ABV?$basic_string@DU?$char_traits@D@std@@V?$allocator@D@2@@std@@H@Z) référencé dans la fonction "class cv::Mat __cdecl newImage(void)" (?newImage@@YA?AVMat@cv@@XZ)
ProjetFinal.obj : error LNK2019: symbole externe non résolu "void __cdecl cv::namedWindow(class std::basic_string<char,struct std::char_traits<char>,class std::allocator<char> > const &,int)" (?namedWindow@cv@@YAXABV?$basic_string@DU?$char_traits@D@std@@V?$allocator@D@2@@std@@H@Z) référencé dans la fonction _main
ProjetFinal.obj : error LNK2019: symbole externe non résolu "int __cdecl cv::waitKey(int)" (?waitKey@cv@@YAHH@Z) référencé dans la fonction _main
ProjetFinal.obj : error LNK2019: symbole externe non résolu "void __cdecl cv::imshow(class std::basic_string<char,struct std::char_traits<char>,class std::allocator<char> > const &,class cv::debug_build_guard::_InputArray const &)" (?imshow@cv@@YAXABV?$basic_string@DU?$char_traits@D@std@@V?$allocator@D@2@@std@@ABV_InputArray@debug_build_guard@1@@Z) référencé dans la fonction _main
ProjetFinal.obj : error LNK2019: symbole externe non résolu "void __cdecl cv::moveWindow(class std::basic_string<char,struct std::char_traits<char>,class std::allocator<char> > const &,int,int)" (?moveWindow@cv@@YAXABV?$basic_string@DU?$char_traits@D@std@@V?$allocator@D@2@@std@@HH@Z) référencé dans la fonction _main
ProjetFinal.obj : error LNK2019: symbole externe non résolu "void __cdecl cv::Canny(class cv::debug_build_guard::_InputArray const &,class cv::debug_build_guard::_OutputArray const &,double,double,int,bool)" (?Canny@cv@@YAXABV_InputArray@debug_build_guard@1@ABV_OutputArray@31@NNH_N@Z) référencé dans la fonction "class cv::Mat __cdecl cannyEdgeDetection(class cv::Mat)" (?cannyEdgeDetection@@YA?AVMat@cv@@V12@@Z)
ProjetFinal.obj : error LNK2019: symbole externe non résolu "void __cdecl cv::resize(class cv::debug_build_guard::_InputArray const &,class cv::debug_build_guard::_OutputArray const &,class cv::Size_<int>,double,double,int)" (?resize@cv@@YAXABV_InputArray@debug_build_guard@1@ABV_OutputArray@31@V?$Size_@H@1@NNH@Z) référencé dans la fonction "class cv::Mat __cdecl resizer(class cv::Mat)" (?resizer@@YA?AVMat@cv@@V12@@Z)
ProjetFinal.obj : error LNK2019: symbole externe non résolu "void __cdecl cv::cvtColor(class cv::debug_build_guard::_InputArray const &,class cv::debug_build_guard::_OutputArray const &,int,int)" (?cvtColor@cv@@YAXABV_InputArray@debug_build_guard@1@ABV_OutputArray@31@HH@Z) référencé dans la fonction "class cv::Mat __cdecl cannyEdgeDetection(class cv::Mat)" (?cannyEdgeDetection@@YA?AVMat@cv@@V12@@Z)
ProjetFinal.obj : error LNK2019: symbole externe non résolu "public: static struct cv::Ptr<class cv::Stitcher> __cdecl cv::Stitcher::create(enum cv::Stitcher::Mode)" (?create@Stitcher@cv@@SA?AU?$Ptr@VStitcher@cv@@@2@W4Mode@12@@Z) référencé dans la fonction "class cv::Mat __cdecl panoramaDirectory(void)" (?panoramaDirectory@@YA?AVMat@cv@@XZ)
ProjetFinal.obj : error LNK2019: symbole externe non résolu "public: enum cv::Stitcher::Status __thiscall cv::Stitcher::stitch(class cv::debug_build_guard::_InputArray const &,class cv::debug_build_guard::_OutputArray const &)" (?stitch@Stitcher@cv@@QAE?AW4Status@12@ABV_InputArray@debug_build_guard@2@ABV_OutputArray@52@@Z) référencé dans la fonction "class cv::Mat __cdecl panoramaDirectory(void)" (?panoramaDirectory@@YA?AVMat@cv@@XZ)
E:\opencv\opencv\build\x64\vc15\lib\opencv_world452d.lib : warning LNK4272: type d'ordinateur bibliothèque 'x64' en conflit avec le type d'ordinateur cible 'x86'
E:\multimedia\gimpisep-opif\ProjetFinal\Debug\ProjetFinal.exe : fatal error LNK1120: 21 externes non résolus
